<?xml version="1.0" encoding="UTF-8"?>
<!-- Generated by org.testng.reporters.JUnitXMLReporter -->
<testsuite hostname="DESKTOP-0F8CSVJ" failures="0" tests="5" name="Default test" time="0.174" errors="0" timestamp="22 Dec 2024 07:14:56 GMT">
  <testcase classname="TestNGTestCase.DriveACar" name="StartTheCar" time="0.104"/>
  <testcase classname="TestNGTestCase.DriveACar" name="putFirstGear" time="0.001"/>
  <testcase classname="TestNGTestCase.DriveACar" name="putSecondGear" time="0.001"/>
  <testcase classname="TestNGTestCase.DriveACar" name="putThirdGear" time="0.002"/>
  <testcase classname="TestNGTestCase.DriveACar" name="putFourthGear" time="0.001"/>
</testsuite> <!-- Default test -->
