<?xml version="1.0" encoding="UTF-8"?>
<!-- Generated by org.testng.reporters.JUnitXMLReporter -->
<testsuite hostname="DESKTOP-0F8CSVJ" failures="0" tests="11" name="Test Cases" time="175.344" errors="0" timestamp="22 Dec 2024 07:40:41 GMT">
  <testcase classname="TestNGTestCase.DriveACar" name="StartTheCar" time="0.103"/>
  <testcase classname="TestNGTestCase.DriveACar" name="putFirstGear" time="0.002"/>
  <testcase classname="TestNGTestCase.DriveACar" name="putSecondGear" time="0.003"/>
  <testcase classname="TestNGTestCase.DriveACar" name="putThirdGear" time="0.001"/>
  <testcase classname="TestNGTestCase.DriveACar" name="putFourthGear" time="0.003"/>
  <testcase classname="TestNGTestCase.PriorityTest" name="TestTitle" time="0.05"/>
  <testcase classname="TestNGTestCase.PriorityTest" name="ClickOffers" time="4.593"/>
  <testcase classname="TestNGTestCase.PriorityTest" name="clickOrders" time="22.742"/>
  <testcase classname="TestNGTestCase.Suite" name="OpenFacebook" time="8.524"/>
  <testcase classname="TestNGTestCase.Suite" name="OpenGoogle" time="11.029"/>
  <testcase classname="TestNGTestCase.Suite" name="OpenYoutube" time="29.048"/>
</testsuite> <!-- Test Cases -->
